Compiling the C compiler identification source file "CMakeCCompilerId.c" failed.
Compiler: E:/Program Files (x86)/Microsoft Visual Studio/2019/Preview/VC/Tools/MSVC/14.26.28801/bin/Hostx86/x86/cl.exe 
Build flags: 
Id flags:  

The output was:
2
用于 x86 的 Microsoft (R) C/C++ 优化编译器 19.26.28805 版
版权所有(C) Microsoft Corporation。保留所有权利。

CMakeCCompilerId.c
Microsoft (R) Incremental Linker Version 14.26.28805.0
Copyright (C) Microsoft Corporation.  All rights reserved.

/out:CMakeCCompilerId.exe 
CMakeCCompilerId.obj 
libucrt.lib(exit.obj) : fatal error LNK1112: 模块计算机类型“x64”与目标计算机类型“x86”冲突


Compiling the CXX compiler identification source file "CMakeCXXCompilerId.cpp" failed.
Compiler: E:/Program Files (x86)/Microsoft Visual Studio/2019/Preview/VC/Tools/MSVC/14.26.28801/bin/Hostx86/x86/cl.exe 
Build flags: 
Id flags:  

The output was:
2
用于 x86 的 Microsoft (R) C/C++ 优化编译器 19.26.28805 版
版权所有(C) Microsoft Corporation。保留所有权利。

CMakeCXXCompilerId.cpp
Microsoft (R) Incremental Linker Version 14.26.28805.0
Copyright (C) Microsoft Corporation.  All rights reserved.

/out:CMakeCXXCompilerId.exe 
CMakeCXXCompilerId.obj 
libucrt.lib(exit.obj) : fatal error LNK1112: 模块计算机类型“x64”与目标计算机类型“x86”冲突


Determining if the C compiler works failed with the following output:
Change Dir: E:/code/c,cpp/cxsh/out/build/x64-Debug (默认值)/CMakeFiles/CMakeTmp

Run Build Command(s):E:/Program Files (x86)/Microsoft Visual Studio/2019/Preview/Common7/IDE/CommonExtensions/Microsoft/CMake/Ninja/ninja.exe cmTC_2c70f && [1/2] Building C object CMakeFiles\cmTC_2c70f.dir\testCCompiler.c.obj
[2/2] Linking C executable cmTC_2c70f.exe
FAILED: cmTC_2c70f.exe 
cmd.exe /C "cd . && "E:\Program Files (x86)\Microsoft Visual Studio\2019\Preview\Common7\IDE\CommonExtensions\Microsoft\CMake\CMake\bin\cmake.exe" -E vs_link_exe --intdir=CMakeFiles\cmTC_2c70f.dir --rc="E:\Windows Kits\10\bin\10.0.18362.0\x64\rc.exe" --mt="E:\Windows Kits\10\bin\10.0.18362.0\x64\mt.exe" --manifests  -- "E:\Program Files (x86)\Microsoft Visual Studio\2019\Preview\VC\Tools\MSVC\14.26.28801\bin\Hostx86\x86\link.exe" /nologo CMakeFiles\cmTC_2c70f.dir\testCCompiler.c.obj  /out:cmTC_2c70f.exe /implib:cmTC_2c70f.lib /pdb:cmTC_2c70f.pdb /version:0.0  /machine:X86  /debug /INCREMENTAL /subsystem:console  kernel32.lib user32.lib gdi32.lib winspool.lib shell32.lib ole32.lib oleaut32.lib uuid.lib comdlg32.lib advapi32.lib && cd ."
LINK Pass 1: command "E:\Program Files (x86)\Microsoft Visual Studio\2019\Preview\VC\Tools\MSVC\14.26.28801\bin\Hostx86\x86\link.exe /nologo CMakeFiles\cmTC_2c70f.dir\testCCompiler.c.obj /out:cmTC_2c70f.exe /implib:cmTC_2c70f.lib /pdb:cmTC_2c70f.pdb /version:0.0 /machine:X86 /debug /INCREMENTAL /subsystem:console kernel32.lib user32.lib gdi32.lib winspool.lib shell32.lib ole32.lib oleaut32.lib uuid.lib comdlg32.lib advapi32.lib /MANIFEST /MANIFESTFILE:CMakeFiles\cmTC_2c70f.dir/intermediate.manifest CMakeFiles\cmTC_2c70f.dir/manifest.res" failed (exit code 1112) with the following output:
ucrtd.lib(ucrtbased.dll) : fatal error LNK1112: 模块计算机类型“x64”与目标计算机类型“x86”冲突
ninja: build stopped: subcommand failed.



